<?xml version="1.0" encoding="UTF-8"?>
<!-- Generated by org.testng.reporters.JUnitXMLReporter -->
<testsuite ignored="2" hostname="LAPTOP-D0CIFDTL" failures="0" tests="1" name="Default test" time="0.435" errors="0" timestamp="2022-10-22T18:33:08 IST">
  <testcase classname="mukeshOtwani.ReadDataFromExcel" name="readExcelData3" time="0.393"/>
  <testcase classname="mukeshOtwani.ReadDataFromExcel" name="readExcelData2" time="0.0">
    <ignored/>
  </testcase> <!-- readExcelData2 -->
  <testcase classname="mukeshOtwani.ReadDataFromExcel" name="readExcelData" time="0.0">
    <ignored/>
  </testcase> <!-- readExcelData -->
</testsuite> <!-- Default test -->
