<?xml version="1.0" encoding="UTF-8"?>
<testng-results ignored="2" total="3" passed="1" failed="0" skipped="0">
  <reporter-output>
  </reporter-output>
  <suite started-at="2022-10-22T18:33:07 IST" name="Default suite" finished-at="2022-10-22T18:33:08 IST" duration-ms="435">
    <groups>
    </groups>
    <test started-at="2022-10-22T18:33:07 IST" name="Default test" finished-at="2022-10-22T18:33:08 IST" duration-ms="435">
      <class name="mukeshOtwani.ReadDataFromExcel">
        <test-method signature="readExcelData3()[pri:1, instance:mukeshOtwani.ReadDataFromExcel@747edf66]" started-at="2022-10-22T18:33:07 IST" name="readExcelData3" finished-at="2022-10-22T18:33:08 IST" duration-ms="393" status="PASS">
          <reporter-output>
          </reporter-output>
        </test-method> <!-- readExcelData3 -->
      </class> <!-- mukeshOtwani.ReadDataFromExcel -->
    </test> <!-- Default test -->
  </suite> <!-- Default suite -->
</testng-results>
